<?xml version="1.0" encoding="UTF-8"?>
<testsuite xmlns:xsi="http://www.w3.org/2001/XMLSchema-instance" xsi:noNamespaceSchemaLocation="https://maven.apache.org/surefire/maven-surefire-plugin/xsd/surefire-test-report.xsd" name="com.edureka.ompapp.AppTest" time="0.079" tests="1" errors="0" skipped="0" failures="0">
  <properties>
    <property name="sun.desktop" value="windows"/>
    <property name="awt.toolkit" value="sun.awt.windows.WToolkit"/>
    <property name="file.encoding.pkg" value="sun.io"/>
    <property name="java.specification.version" value="1.8"/>
    <property name="sun.cpu.isalist" value="amd64"/>
    <property name="sun.jnu.encoding" value="Cp1252"/>
    <property name="java.class.path" value="D:\Delivery\edureka\devops batch 2\Day 4\mavenprojects\ompfirstapp\target\test-classes;D:\Delivery\edureka\devops batch 2\Day 4\mavenprojects\ompfirstapp\target\classes;C:\Users\Hari om\.m2\repository\junit\junit\4.11\junit-4.11.jar;C:\Users\Hari om\.m2\repository\org\hamcrest\hamcrest-core\1.3\hamcrest-core-1.3.jar;"/>
    <property name="java.vm.vendor" value="Oracle Corporation"/>
    <property name="sun.arch.data.model" value="64"/>
    <property name="user.variant" value=""/>
    <property name="java.vendor.url" value="http://java.oracle.com/"/>
    <property name="user.timezone" value="Asia/Calcutta"/>
    <property name="java.vm.specification.version" value="1.8"/>
    <property name="os.name" value="Windows 10"/>
    <property name="user.country" value="IN"/>
    <property name="sun.java.launcher" value="SUN_STANDARD"/>
    <property name="sun.boot.library.path" value="D:\Program Files\Java\jdk1.8.0_261\jre\bin"/>
    <property name="sun.java.command" value="C:\Users\HARIOM~1\AppData\Local\Temp\surefire7948904709484063241\surefirebooter5713347976039484143.jar C:\Users\Hari om\AppData\Local\Temp\surefire7948904709484063241 2020-10-18T22-19-46_290-jvmRun1 surefire3834261194646497317tmp surefire_05984613854767042048tmp"/>
    <property name="surefire.test.class.path" value="D:\Delivery\edureka\devops batch 2\Day 4\mavenprojects\ompfirstapp\target\test-classes;D:\Delivery\edureka\devops batch 2\Day 4\mavenprojects\ompfirstapp\target\classes;C:\Users\Hari om\.m2\repository\junit\junit\4.11\junit-4.11.jar;C:\Users\Hari om\.m2\repository\org\hamcrest\hamcrest-core\1.3\hamcrest-core-1.3.jar;"/>
    <property name="sun.cpu.endian" value="little"/>
    <property name="user.home" value="C:\Users\Hari om"/>
    <property name="user.language" value="en"/>
    <property name="java.specification.vendor" value="Oracle Corporation"/>
    <property name="java.home" value="D:\Program Files\Java\jdk1.8.0_261\jre"/>
    <property name="basedir" value="D:\Delivery\edureka\devops batch 2\Day 4\mavenprojects\ompfirstapp"/>
    <property name="file.separator" value="\"/>
    <property name="line.separator" value="&#10;"/>
    <property name="java.vm.specification.vendor" value="Oracle Corporation"/>
    <property name="java.specification.name" value="Java Platform API Specification"/>
    <property name="java.awt.graphicsenv" value="sun.awt.Win32GraphicsEnvironment"/>
    <property name="surefire.real.class.path" value="C:\Users\HARIOM~1\AppData\Local\Temp\surefire7948904709484063241\surefirebooter5713347976039484143.jar"/>
    <property name="sun.boot.class.path" value="D:\Program Files\Java\jdk1.8.0_261\jre\lib\resources.jar;D:\Program Files\Java\jdk1.8.0_261\jre\lib\rt.jar;D:\Program Files\Java\jdk1.8.0_261\jre\lib\sunrsasign.jar;D:\Program Files\Java\jdk1.8.0_261\jre\lib\jsse.jar;D:\Program Files\Java\jdk1.8.0_261\jre\lib\jce.jar;D:\Program Files\Java\jdk1.8.0_261\jre\lib\charsets.jar;D:\Program Files\Java\jdk1.8.0_261\jre\lib\jfr.jar;D:\Program Files\Java\jdk1.8.0_261\jre\classes"/>
    <property name="user.script" value=""/>
    <property name="sun.management.compiler" value="HotSpot 64-Bit Tiered Compilers"/>
    <property name="java.runtime.version" value="1.8.0_261-b12"/>
    <property name="user.name" value="Hari om"/>
    <property name="path.separator" value=";"/>
    <property name="os.version" value="10.0"/>
    <property name="java.endorsed.dirs" value="D:\Program Files\Java\jdk1.8.0_261\jre\lib\endorsed"/>
    <property name="java.runtime.name" value="Java(TM) SE Runtime Environment"/>
    <property name="file.encoding" value="Cp1252"/>
    <property name="java.vm.name" value="Java HotSpot(TM) 64-Bit Server VM"/>
    <property name="localRepository" value="C:\Users\Hari om\.m2\repository"/>
    <property name="java.vendor.url.bug" value="http://bugreport.sun.com/bugreport/"/>
    <property name="java.io.tmpdir" value="C:\Users\HARIOM~1\AppData\Local\Temp\"/>
    <property name="java.version" value="1.8.0_261"/>
    <property name="user.dir" value="D:\Delivery\edureka\devops batch 2\Day 4\mavenprojects\ompfirstapp"/>
    <property name="os.arch" value="amd64"/>
    <property name="java.vm.specification.name" value="Java Virtual Machine Specification"/>
    <property name="java.awt.printerjob" value="sun.awt.windows.WPrinterJob"/>
    <property name="sun.os.patch.level" value=""/>
    <property name="java.library.path" value="D:\Program Files\Java\jdk1.8.0_261\jre\bin;C:\windows\Sun\Java\bin;C:\windows\system32;C:\windows;C:\Program Files (x86)\Common Files\Oracle\Java\javapath;C:\windows\system32;C:\windows;C:\windows\System32\Wbem;C:\windows\System32\WindowsPowerShell\v1.0\;C:\windows\System32\OpenSSH\;C:\Program Files (x86)\NVIDIA Corporation\PhysX\Common;C:\Program Files\NVIDIA Corporation\NVIDIA NvDLISR;C:\Program Files\dotnet\;C:\Program Files\Microsoft SQL Server\130\Tools\Binn\;C:\Program Files\Microsoft SQL Server\Client SDK\ODBC\170\Tools\Binn\;D:\Program Files (x86)\PuTTY\;D:\Program Files\Git\cmd;C:\Users\Hari om\AppData\Local\Microsoft\WindowsApps;C:\Users\Hari om\.dotnet\tools;D:\Program Files (x86)\Microsoft VS Code\bin;C:\Users\Hari om\AppData\Local\GitHubDesktop\bin;D:\Installations\apache-maven-3.6.3\bin;;."/>
    <property name="java.vm.info" value="mixed mode"/>
    <property name="java.vendor" value="Oracle Corporation"/>
    <property name="java.vm.version" value="25.261-b12"/>
    <property name="java.ext.dirs" value="D:\Program Files\Java\jdk1.8.0_261\jre\lib\ext;C:\windows\Sun\Java\lib\ext"/>
    <property name="sun.io.unicode.encoding" value="UnicodeLittle"/>
    <property name="java.class.version" value="52.0"/>
  </properties>
  <testcase name="shouldAnswerWithTrue" classname="com.edureka.ompapp.AppTest" time="0.005"/>
</testsuite>